<?xml version="1.0" encoding="UTF-8"?>
<coverage generated="1686347854986" clover="3.2.0">
  <project timestamp="1686347854986" name="All files">
    <metrics statements="52" coveredstatements="38" conditionals="23" coveredconditionals="15" methods="10" coveredmethods="9" elements="85" coveredelements="62" complexity="0" loc="52" ncloc="52" packages="4" files="9" classes="9"/>
    <package name="src">
      <metrics statements="12" coveredstatements="12" conditionals="8" coveredconditionals="6" methods="3" coveredmethods="3"/>
      <file name="aptos.ts" path="/Users/maayansavir/work/aptos-core/ecosystem/typescript/sdk/v2/src/aptos.ts">
        <metrics statements="5" coveredstatements="5" conditionals="0" coveredconditionals="0" methods="1" coveredmethods="1"/>
        <line num="1" count="1" type="stmt"/>
        <line num="2" count="1" type="stmt"/>
        <line num="4" count="1" type="stmt"/>
        <line num="10" count="1" type="stmt"/>
        <line num="12" count="1" type="stmt"/>
      </file>
      <file name="aptos_config.ts" path="/Users/maayansavir/work/aptos-core/ecosystem/typescript/sdk/v2/src/aptos_config.ts">
        <metrics statements="3" coveredstatements="3" conditionals="8" coveredconditionals="6" methods="1" coveredmethods="1"/>
        <line num="1" count="1" type="stmt"/>
        <line num="3" count="1" type="stmt"/>
        <line num="7" count="1" type="cond" truecount="6" falsecount="2"/>
      </file>
      <file name="index.ts" path="/Users/maayansavir/work/aptos-core/ecosystem/typescript/sdk/v2/src/index.ts">
        <metrics statements="3" coveredstatements="3" conditionals="0" coveredconditionals="0" methods="1" coveredmethods="1"/>
        <line num="4" count="1" type="stmt"/>
        <line num="5" count="1" type="stmt"/>
        <line num="6" count="2" type="stmt"/>
      </file>
      <file name="version.ts" path="/Users/maayansavir/work/aptos-core/ecosystem/typescript/sdk/v2/src/version.ts">
        <metrics statements="1" coveredstatements="1" conditionals="0" coveredconditionals="0" methods="0" coveredmethods="0"/>
        <line num="2" count="1" type="stmt"/>
      </file>
    </package>
    <package name="src.api">
      <metrics statements="4" coveredstatements="4" conditionals="0" coveredconditionals="0" methods="2" coveredmethods="2"/>
      <file name="account.ts" path="/Users/maayansavir/work/aptos-core/ecosystem/typescript/sdk/v2/src/api/account.ts">
        <metrics statements="4" coveredstatements="4" conditionals="0" coveredconditionals="0" methods="2" coveredmethods="2"/>
        <line num="2" count="1" type="stmt"/>
        <line num="9" count="1" type="stmt"/>
        <line num="13" count="1" type="stmt"/>
        <line num="17" count="1" type="stmt"/>
      </file>
    </package>
    <package name="src.client">
      <metrics statements="25" coveredstatements="11" conditionals="13" coveredconditionals="7" methods="4" coveredmethods="3"/>
      <file name="index.ts" path="/Users/maayansavir/work/aptos-core/ecosystem/typescript/sdk/v2/src/client/index.ts">
        <metrics statements="25" coveredstatements="11" conditionals="13" coveredconditionals="7" methods="4" coveredmethods="3"/>
        <line num="1" count="1" type="stmt"/>
        <line num="3" count="1" type="stmt"/>
        <line num="7" count="0" type="stmt"/>
        <line num="8" count="0" type="stmt"/>
        <line num="9" count="0" type="stmt"/>
        <line num="10" count="0" type="stmt"/>
        <line num="26" count="1" type="stmt"/>
        <line num="37" count="1" type="stmt"/>
        <line num="48" count="1" type="stmt"/>
        <line num="58" count="1" type="stmt"/>
        <line num="59" count="1" type="stmt"/>
        <line num="60" count="1" type="cond" truecount="1" falsecount="1"/>
        <line num="61" count="1" type="stmt"/>
        <line num="63" count="0" type="stmt"/>
        <line num="66" count="0" type="stmt"/>
        <line num="67" count="0" type="stmt"/>
        <line num="69" count="0" type="stmt"/>
        <line num="72" count="0" type="cond" truecount="0" falsecount="3"/>
        <line num="73" count="0" type="stmt"/>
        <line num="75" count="0" type="stmt"/>
        <line num="78" count="0" type="stmt"/>
        <line num="79" count="0" type="stmt"/>
        <line num="82" count="0" type="stmt"/>
        <line num="86" count="1" type="stmt"/>
        <line num="93" count="1" type="stmt"/>
      </file>
    </package>
    <package name="src.utils">
      <metrics statements="11" coveredstatements="11" conditionals="2" coveredconditionals="2" methods="1" coveredmethods="1"/>
      <file name="api-endpoints.ts" path="/Users/maayansavir/work/aptos-core/ecosystem/typescript/sdk/v2/src/utils/api-endpoints.ts">
        <metrics statements="7" coveredstatements="7" conditionals="2" coveredconditionals="2" methods="1" coveredmethods="1"/>
        <line num="1" count="1" type="stmt"/>
        <line num="7" count="1" type="stmt"/>
        <line num="13" count="1" type="stmt"/>
        <line num="19" count="1" type="cond" truecount="2" falsecount="0"/>
        <line num="20" count="1" type="stmt"/>
        <line num="21" count="1" type="stmt"/>
        <line num="22" count="1" type="stmt"/>
      </file>
      <file name="const.ts" path="/Users/maayansavir/work/aptos-core/ecosystem/typescript/sdk/v2/src/utils/const.ts">
        <metrics statements="2" coveredstatements="2" conditionals="0" coveredconditionals="0" methods="0" coveredmethods="0"/>
        <line num="1" count="1" type="stmt"/>
        <line num="3" count="1" type="stmt"/>
      </file>
      <file name="index.ts" path="/Users/maayansavir/work/aptos-core/ecosystem/typescript/sdk/v2/src/utils/index.ts">
        <metrics statements="2" coveredstatements="2" conditionals="0" coveredconditionals="0" methods="0" coveredmethods="0"/>
        <line num="1" count="1" type="stmt"/>
        <line num="2" count="1" type="stmt"/>
      </file>
    </package>
  </project>
</coverage>
