{"/Users/maayansavir/work/aptos-core/ecosystem/typescript/sdk/v2/src/aptos.ts": {"path":"/Users/maayansavir/work/aptos-core/ecosystem/typescript/sdk/v2/src/aptos.ts","statementMap":{"0":{"start":{"line":1,"column":0},"end":{"line":1,"column":40}},"1":{"start":{"line":2,"column":0},"end":{"line":2,"column":45}},"2":{"start":{"line":10,"column":4},"end":{"line":10,"column":44}},"3":{"start":{"line":12,"column":4},"end":{"line":12,"column":44}},"4":{"start":{"line":4,"column":0},"end":{"line":4,"column":13}}},"fnMap":{"0":{"name":"(anonymous_0)","decl":{"start":{"line":8,"column":2},"end":{"line":8,"column":14}},"loc":{"start":{"line":8,"column":36},"end":{"line":13,"column":3}}}},"branchMap":{},"s":{"0":1,"1":1,"2":1,"3":1,"4":1},"f":{"0":1},"b":{}}
,"/Users/maayansavir/work/aptos-core/ecosystem/typescript/sdk/v2/src/aptos_config.ts": {"path":"/Users/maayansavir/work/aptos-core/ecosystem/typescript/sdk/v2/src/aptos_config.ts","statementMap":{"0":{"start":{"line":1,"column":0},"end":{"line":1,"column":42}},"1":{"start":{"line":7,"column":4},"end":{"line":7,"column":54}},"2":{"start":{"line":3,"column":0},"end":{"line":3,"column":13}}},"fnMap":{"0":{"name":"(anonymous_0)","decl":{"start":{"line":6,"column":2},"end":{"line":6,"column":14}},"loc":{"start":{"line":6,"column":34},"end":{"line":8,"column":3}}}},"branchMap":{"0":{"loc":{"start":{"line":7,"column":19},"end":{"line":7,"column":53}},"type":"cond-expr","locations":[{"start":{"line":7,"column":34},"end":{"line":7,"column":38}},{"start":{"line":7,"column":38},"end":{"line":7,"column":53}}]},"1":{"loc":{"start":{"line":7,"column":19},"end":{"line":7,"column":38}},"type":"binary-expr","locations":[{"start":{"line":7,"column":19},"end":{"line":7,"column":38}},{"start":{"line":7,"column":34},"end":{"line":7,"column":38}}]},"2":{"loc":{"start":{"line":7,"column":19},"end":{"line":7,"column":34}},"type":"cond-expr","locations":[{"start":{"line":7,"column":25},"end":{"line":7,"column":27}},{"start":{"line":7,"column":19},"end":{"line":7,"column":34}}]},"3":{"loc":{"start":{"line":7,"column":19},"end":{"line":7,"column":27}},"type":"binary-expr","locations":[{"start":{"line":7,"column":19},"end":{"line":7,"column":27}},{"start":{"line":7,"column":19},"end":{"line":7,"column":27}}]}},"s":{"0":1,"1":1,"2":1},"f":{"0":1},"b":{"0":[1,0],"1":[1,1],"2":[0,1],"3":[1,1]}}
,"/Users/maayansavir/work/aptos-core/ecosystem/typescript/sdk/v2/src/index.ts": {"path":"/Users/maayansavir/work/aptos-core/ecosystem/typescript/sdk/v2/src/index.ts","statementMap":{"0":{"start":{"line":4,"column":0},"end":{"line":4,"column":25}},"1":{"start":{"line":5,"column":0},"end":{"line":5,"column":24}},"2":{"start":{"line":6,"column":0},"end":{"line":6,"column":9}},"3":{"start":{"line":6,"column":9},"end":{"line":6,"column":32}}},"fnMap":{"0":{"name":"(anonymous_4)","decl":{"start":{"line":6,"column":9},"end":{"line":6,"column":14}},"loc":{"start":{"line":6,"column":9},"end":{"line":6,"column":32}}}},"branchMap":{},"s":{"0":1,"1":1,"2":1,"3":2},"f":{"0":1},"b":{}}
,"/Users/maayansavir/work/aptos-core/ecosystem/typescript/sdk/v2/src/version.ts": {"path":"/Users/maayansavir/work/aptos-core/ecosystem/typescript/sdk/v2/src/version.ts","statementMap":{"0":{"start":{"line":2,"column":13},"end":{"line":2,"column":32}}},"fnMap":{},"branchMap":{},"s":{"0":1},"f":{},"b":{}}
,"/Users/maayansavir/work/aptos-core/ecosystem/typescript/sdk/v2/src/api/account.ts": {"path":"/Users/maayansavir/work/aptos-core/ecosystem/typescript/sdk/v2/src/api/account.ts","statementMap":{"0":{"start":{"line":2,"column":0},"end":{"line":2,"column":32}},"1":{"start":{"line":13,"column":4},"end":{"line":13,"column":25}},"2":{"start":{"line":17,"column":4},"end":{"line":17,"column":93}},"3":{"start":{"line":9,"column":0},"end":{"line":9,"column":13}}},"fnMap":{"0":{"name":"(anonymous_7)","decl":{"start":{"line":12,"column":2},"end":{"line":12,"column":14}},"loc":{"start":{"line":12,"column":33},"end":{"line":14,"column":3}}},"1":{"name":"(anonymous_8)","decl":{"start":{"line":16,"column":8},"end":{"line":16,"column":11}},"loc":{"start":{"line":16,"column":58},"end":{"line":18,"column":null}}}},"branchMap":{},"s":{"0":1,"1":1,"2":1,"3":1},"f":{"0":1,"1":1},"b":{}}
,"/Users/maayansavir/work/aptos-core/ecosystem/typescript/sdk/v2/src/client/index.ts": {"path":"/Users/maayansavir/work/aptos-core/ecosystem/typescript/sdk/v2/src/client/index.ts","statementMap":{"0":{"start":{"line":1,"column":0},"end":{"line":1,"column":72}},"1":{"start":{"line":3,"column":0},"end":{"line":3,"column":37}},"2":{"start":{"line":7,"column":20},"end":{"line":7,"column":34}},"3":{"start":{"line":8,"column":20},"end":{"line":8,"column":35}},"4":{"start":{"line":9,"column":20},"end":{"line":9,"column":52}},"5":{"start":{"line":10,"column":20},"end":{"line":10,"column":42}},"6":{"start":{"line":26,"column":44},"end":{"line":35,"column":4}},"7":{"start":{"line":37,"column":2},"end":{"line":37,"column":44}},"8":{"start":{"line":58,"column":2},"end":{"line":83,"column":null}},"9":{"start":{"line":59,"column":21},"end":{"line":59,"column":105}},"10":{"start":{"line":60,"column":4},"end":{"line":70,"column":null}},"11":{"start":{"line":61,"column":6},"end":{"line":61,"column":27}},"12":{"start":{"line":63,"column":20},"end":{"line":63,"column":93}},"13":{"start":{"line":66,"column":6},"end":{"line":66,"column":36}},"14":{"start":{"line":67,"column":6},"end":{"line":67,"column":22}},"15":{"start":{"line":69,"column":6},"end":{"line":69,"column":35}},"16":{"start":{"line":72,"column":4},"end":{"line":74,"column":null}},"17":{"start":{"line":73,"column":6},"end":{"line":73,"column":16}},"18":{"start":{"line":75,"column":18},"end":{"line":75,"column":110}},"19":{"start":{"line":78,"column":4},"end":{"line":78,"column":34}},"20":{"start":{"line":79,"column":4},"end":{"line":79,"column":20}},"21":{"start":{"line":82,"column":4},"end":{"line":82,"column":33}},"22":{"start":{"line":48,"column":0},"end":{"line":48,"column":22}},"23":{"start":{"line":93,"column":2},"end":{"line":93,"column":81}},"24":{"start":{"line":86,"column":0},"end":{"line":86,"column":22}}},"fnMap":{"0":{"name":"(anonymous_8)","decl":{"start":{"line":6,"column":2},"end":{"line":6,"column":null}},"loc":{"start":{"line":10,"column":42},"end":{"line":11,"column":6}}},"1":{"name":"request","decl":{"start":{"line":18,"column":15},"end":{"line":18,"column":22}},"loc":{"start":{"line":24,"column":32},"end":{"line":38,"column":null}}},"2":{"name":"aptosRequest","decl":{"start":{"line":48,"column":22},"end":{"line":48,"column":34}},"loc":{"start":{"line":55,"column":32},"end":{"line":84,"column":null}}},"3":{"name":"get","decl":{"start":{"line":86,"column":22},"end":{"line":86,"column":25}},"loc":{"start":{"line":91,"column":32},"end":{"line":94,"column":null}}}},"branchMap":{"0":{"loc":{"start":{"line":28,"column":9},"end":{"line":28,"column":27}},"type":"cond-expr","locations":[{"start":{"line":28,"column":18},"end":{"line":28,"column":20}},{"start":{"line":28,"column":9},"end":{"line":28,"column":27}}]},"1":{"loc":{"start":{"line":28,"column":9},"end":{"line":28,"column":20}},"type":"binary-expr","locations":[{"start":{"line":28,"column":9},"end":{"line":28,"column":20}},{"start":{"line":28,"column":9},"end":{"line":28,"column":20}}]},"2":{"loc":{"start":{"line":34,"column":10},"end":{"line":34,"column":26}},"type":"cond-expr","locations":[{"start":{"line":34,"column":10},"end":{"line":34,"column":14}},{"start":{"line":34,"column":18},"end":{"line":34,"column":26}}]},"3":{"loc":{"start":{"line":34,"column":10},"end":{"line":34,"column":18}},"type":"binary-expr","locations":[{"start":{"line":34,"column":10},"end":{"line":34,"column":18}},{"start":{"line":34,"column":10},"end":{"line":34,"column":18}}]},"4":{"loc":{"start":{"line":60,"column":4},"end":{"line":70,"column":null}},"type":"if","locations":[{"start":{"line":60,"column":4},"end":{"line":70,"column":null}},{"start":{"line":62,"column":11},"end":{"line":70,"column":null}}]},"5":{"loc":{"start":{"line":72,"column":4},"end":{"line":74,"column":null}},"type":"if","locations":[{"start":{"line":72,"column":4},"end":{"line":74,"column":null}}]},"6":{"loc":{"start":{"line":72,"column":8},"end":{"line":72,"column":62}},"type":"binary-expr","locations":[{"start":{"line":72,"column":8},"end":{"line":72,"column":32}},{"start":{"line":72,"column":36},"end":{"line":72,"column":62}}]}},"s":{"0":1,"1":1,"2":0,"3":0,"4":0,"5":0,"6":1,"7":1,"8":1,"9":1,"10":1,"11":1,"12":0,"13":0,"14":0,"15":0,"16":0,"17":0,"18":0,"19":0,"20":0,"21":0,"22":1,"23":1,"24":1},"f":{"0":0,"1":1,"2":1,"3":1},"b":{"0":[1,0],"1":[1,1],"2":[0,1],"3":[1,1],"4":[1,0],"5":[0],"6":[0,0]}}
,"/Users/maayansavir/work/aptos-core/ecosystem/typescript/sdk/v2/src/utils/api-endpoints.ts": {"path":"/Users/maayansavir/work/aptos-core/ecosystem/typescript/sdk/v2/src/utils/api-endpoints.ts","statementMap":{"0":{"start":{"line":1,"column":13},"end":{"line":5,"column":2}},"1":{"start":{"line":7,"column":13},"end":{"line":11,"column":2}},"2":{"start":{"line":13,"column":13},"end":{"line":17,"column":2}},"3":{"start":{"line":19,"column":0},"end":{"line":19,"column":null}},"4":{"start":{"line":20,"column":2},"end":{"line":20,"column":null}},"5":{"start":{"line":21,"column":2},"end":{"line":21,"column":null}},"6":{"start":{"line":22,"column":2},"end":{"line":22,"column":null}}},"fnMap":{"0":{"name":"(anonymous_0)","decl":{"start":{"line":19,"column":0},"end":{"line":19,"column":12}},"loc":{"start":{"line":19,"column":19},"end":{"line":23,"column":1}}}},"branchMap":{"0":{"loc":{"start":{"line":19,"column":12},"end":{"line":19,"column":null}},"type":"binary-expr","locations":[{"start":{"line":19,"column":12},"end":{"line":19,"column":19}},{"start":{"line":19,"column":19},"end":{"line":19,"column":null}}]}},"s":{"0":1,"1":1,"2":1,"3":1,"4":1,"5":1,"6":1},"f":{"0":1},"b":{"0":[1,1]}}
,"/Users/maayansavir/work/aptos-core/ecosystem/typescript/sdk/v2/src/utils/const.ts": {"path":"/Users/maayansavir/work/aptos-core/ecosystem/typescript/sdk/v2/src/utils/const.ts","statementMap":{"0":{"start":{"line":1,"column":0},"end":{"line":1,"column":42}},"1":{"start":{"line":3,"column":13},"end":{"line":3,"column":47}}},"fnMap":{},"branchMap":{},"s":{"0":1,"1":1},"f":{},"b":{}}
,"/Users/maayansavir/work/aptos-core/ecosystem/typescript/sdk/v2/src/utils/index.ts": {"path":"/Users/maayansavir/work/aptos-core/ecosystem/typescript/sdk/v2/src/utils/index.ts","statementMap":{"0":{"start":{"line":1,"column":0},"end":{"line":1,"column":32}},"1":{"start":{"line":2,"column":0},"end":{"line":2,"column":24}}},"fnMap":{},"branchMap":{},"s":{"0":1,"1":1},"f":{},"b":{}}
}
