TN:
SF:src/aptos.ts
FN:8,(anonymous_0)
FNF:1
FNH:1
FNDA:1,(anonymous_0)
DA:1,1
DA:2,1
DA:4,1
DA:10,1
DA:12,1
LF:5
LH:5
BRF:0
BRH:0
end_of_record
TN:
SF:src/aptos_config.ts
FN:6,(anonymous_0)
FNF:1
FNH:1
FNDA:1,(anonymous_0)
DA:1,1
DA:3,1
DA:7,1
LF:3
LH:3
BRDA:7,0,0,1
BRDA:7,0,1,0
BRDA:7,1,0,1
BRDA:7,1,1,1
BRDA:7,2,0,0
BRDA:7,2,1,1
BRDA:7,3,0,1
BRDA:7,3,1,1
BRF:8
BRH:6
end_of_record
TN:
SF:src/index.ts
FN:6,(anonymous_4)
FNF:1
FNH:1
FNDA:1,(anonymous_4)
DA:4,1
DA:5,1
DA:6,2
LF:3
LH:3
BRF:0
BRH:0
end_of_record
TN:
SF:src/version.ts
FNF:0
FNH:0
DA:2,1
LF:1
LH:1
BRF:0
BRH:0
end_of_record
TN:
SF:src/api/account.ts
FN:12,(anonymous_7)
FN:16,(anonymous_8)
FNF:2
FNH:2
FNDA:1,(anonymous_7)
FNDA:1,(anonymous_8)
DA:2,1
DA:9,1
DA:13,1
DA:17,1
LF:4
LH:4
BRF:0
BRH:0
end_of_record
TN:
SF:src/client/index.ts
FN:6,(anonymous_8)
FN:18,request
FN:48,aptosRequest
FN:86,get
FNF:4
FNH:3
FNDA:0,(anonymous_8)
FNDA:1,request
FNDA:1,aptosRequest
FNDA:1,get
DA:1,1
DA:3,1
DA:7,0
DA:8,0
DA:9,0
DA:10,0
DA:26,1
DA:37,1
DA:48,1
DA:58,1
DA:59,1
DA:60,1
DA:61,1
DA:63,0
DA:66,0
DA:67,0
DA:69,0
DA:72,0
DA:73,0
DA:75,0
DA:78,0
DA:79,0
DA:82,0
DA:86,1
DA:93,1
LF:25
LH:11
BRDA:28,0,0,1
BRDA:28,0,1,0
BRDA:28,1,0,1
BRDA:28,1,1,1
BRDA:34,2,0,0
BRDA:34,2,1,1
BRDA:34,3,0,1
BRDA:34,3,1,1
BRDA:60,4,0,1
BRDA:60,4,1,0
BRDA:72,5,0,0
BRDA:72,6,0,0
BRDA:72,6,1,0
BRF:13
BRH:7
end_of_record
TN:
SF:src/utils/api-endpoints.ts
FN:19,(anonymous_0)
FNF:1
FNH:1
FNDA:1,(anonymous_0)
DA:1,1
DA:7,1
DA:13,1
DA:19,1
DA:20,1
DA:21,1
DA:22,1
LF:7
LH:7
BRDA:19,0,0,1
BRDA:19,0,1,1
BRF:2
BRH:2
end_of_record
TN:
SF:src/utils/const.ts
FNF:0
FNH:0
DA:1,1
DA:3,1
LF:2
LH:2
BRF:0
BRH:0
end_of_record
TN:
SF:src/utils/index.ts
FNF:0
FNH:0
DA:1,1
DA:2,1
LF:2
LH:2
BRF:0
BRH:0
end_of_record
