Running Move unit tests
[ PASS    ] 0x1::A::native_abort_good_right_code
[ FAIL    ] 0x1::A::native_abort_good_wrong_code
[ FAIL    ] 0x1::A::native_abort_unexpected_abort
0x1::A::native_abort_good_right_code
Output: Ok(Changes { accounts: {} })
0x1::A::native_abort_good_wrong_code
Output: Ok(Changes { accounts: {} })
0x1::A::native_abort_unexpected_abort
Output: Ok(Changes { accounts: {} })

Test failures:

Failures in 0x1::A:

┌── native_abort_good_wrong_code ──────
│ error[E11001]: test failure
│    ┌─ native_abort.move:12:9
│    │
│ 11 │     fun native_abort_good_wrong_code() {
│    │         ---------------------------- In this function in 0x1::A
│ 12 │         vector::borrow(&vector::empty<u64>(), 1);
│    │         ^^^^^^^^^^^^^^^^^^^^^^^^^^^^^^^^^^^^^^^^ Test did not error as expected. Expected test to give a vector operation error with sub-status 0 originating in the module 0000000000000000000000000000000000000000000000000000000000000001::A but instead it gave a vector operation error with sub-status 1 originating in the module 0000000000000000000000000000000000000000000000000000000000000001::A rooted here
│ 
│ 
└──────────────────


┌── native_abort_unexpected_abort ──────
│ error[E11001]: test failure
│   ┌─ native_abort.move:6:9
│   │
│ 5 │     fun native_abort_unexpected_abort() {
│   │         ----------------------------- In this function in 0x1::A
│ 6 │         vector::borrow(&vector::empty<u64>(), 1);
│   │         ^^^^^^^^^^^^^^^^^^^^^^^^^^^^^^^^^^^^^^^^ Test was not expected to error, but it gave a vector operation error with sub-status 1 originating in the module 0000000000000000000000000000000000000000000000000000000000000001::A rooted here
│ 
│ 
└──────────────────

Test result: FAILED. Total tests: 3; passed: 1; failed: 2
