Running Move unit tests
[ PASS    ] 0x1::M::test_determinisim
[ FAIL    ] 0x1::M::test_doesnt_exist
[ PASS    ] 0x1::M::test_exists
0x1::M::test_determinisim
Output: Ok(Changes { accounts: {} })
0x1::M::test_doesnt_exist
Output: Ok(Changes { accounts: {0000000000000000000000000000000000000000000000000000000000000000: AccountChanges { modules: {}, resources: {StructTag { address: 0000000000000000000000000000000000000000000000000000000000000001, module: Identifier("M"), name: Identifier("A"), type_params: [] }: New([0])} }, 0100000000000000000000000000000000000000000000000000000000000000: AccountChanges { modules: {}, resources: {StructTag { address: 0000000000000000000000000000000000000000000000000000000000000001, module: Identifier("M"), name: Identifier("A"), type_params: [] }: New([0])} }, 0200000000000000000000000000000000000000000000000000000000000000: AccountChanges { modules: {}, resources: {StructTag { address: 0000000000000000000000000000000000000000000000000000000000000001, module: Identifier("M"), name: Identifier("A"), type_params: [] }: New([0])} }, 0300000000000000000000000000000000000000000000000000000000000000: AccountChanges { modules: {}, resources: {StructTag { address: 0000000000000000000000000000000000000000000000000000000000000001, module: Identifier("M"), name: Identifier("A"), type_params: [] }: New([0])} }, 0400000000000000000000000000000000000000000000000000000000000000: AccountChanges { modules: {}, resources: {StructTag { address: 0000000000000000000000000000000000000000000000000000000000000001, module: Identifier("M"), name: Identifier("A"), type_params: [] }: New([0])} }, 0500000000000000000000000000000000000000000000000000000000000000: AccountChanges { modules: {}, resources: {StructTag { address: 0000000000000000000000000000000000000000000000000000000000000001, module: Identifier("M"), name: Identifier("A"), type_params: [] }: New([0])} }, 0600000000000000000000000000000000000000000000000000000000000000: AccountChanges { modules: {}, resources: {StructTag { address: 0000000000000000000000000000000000000000000000000000000000000001, module: Identifier("M"), name: Identifier("A"), type_params: [] }: New([0])} }, 0700000000000000000000000000000000000000000000000000000000000000: AccountChanges { modules: {}, resources: {StructTag { address: 0000000000000000000000000000000000000000000000000000000000000001, module: Identifier("M"), name: Identifier("A"), type_params: [] }: New([0])} }, 0800000000000000000000000000000000000000000000000000000000000000: AccountChanges { modules: {}, resources: {StructTag { address: 0000000000000000000000000000000000000000000000000000000000000001, module: Identifier("M"), name: Identifier("A"), type_params: [] }: New([0])} }, 0900000000000000000000000000000000000000000000000000000000000000: AccountChanges { modules: {}, resources: {StructTag { address: 0000000000000000000000000000000000000000000000000000000000000001, module: Identifier("M"), name: Identifier("A"), type_params: [] }: New([0])} }} })
0x1::M::test_exists
Output: Ok(Changes { accounts: {0000000000000000000000000000000000000000000000000000000000000000: AccountChanges { modules: {}, resources: {StructTag { address: 0000000000000000000000000000000000000000000000000000000000000001, module: Identifier("M"), name: Identifier("A"), type_params: [] }: New([0])} }, 0100000000000000000000000000000000000000000000000000000000000000: AccountChanges { modules: {}, resources: {StructTag { address: 0000000000000000000000000000000000000000000000000000000000000001, module: Identifier("M"), name: Identifier("A"), type_params: [] }: New([0])} }, 0200000000000000000000000000000000000000000000000000000000000000: AccountChanges { modules: {}, resources: {StructTag { address: 0000000000000000000000000000000000000000000000000000000000000001, module: Identifier("M"), name: Identifier("A"), type_params: [] }: New([0])} }, 0300000000000000000000000000000000000000000000000000000000000000: AccountChanges { modules: {}, resources: {StructTag { address: 0000000000000000000000000000000000000000000000000000000000000001, module: Identifier("M"), name: Identifier("A"), type_params: [] }: New([0])} }, 0400000000000000000000000000000000000000000000000000000000000000: AccountChanges { modules: {}, resources: {StructTag { address: 0000000000000000000000000000000000000000000000000000000000000001, module: Identifier("M"), name: Identifier("A"), type_params: [] }: New([0])} }, 0500000000000000000000000000000000000000000000000000000000000000: AccountChanges { modules: {}, resources: {StructTag { address: 0000000000000000000000000000000000000000000000000000000000000001, module: Identifier("M"), name: Identifier("A"), type_params: [] }: New([0])} }, 0600000000000000000000000000000000000000000000000000000000000000: AccountChanges { modules: {}, resources: {StructTag { address: 0000000000000000000000000000000000000000000000000000000000000001, module: Identifier("M"), name: Identifier("A"), type_params: [] }: New([0])} }, 0700000000000000000000000000000000000000000000000000000000000000: AccountChanges { modules: {}, resources: {StructTag { address: 0000000000000000000000000000000000000000000000000000000000000001, module: Identifier("M"), name: Identifier("A"), type_params: [] }: New([0])} }, 0800000000000000000000000000000000000000000000000000000000000000: AccountChanges { modules: {}, resources: {StructTag { address: 0000000000000000000000000000000000000000000000000000000000000001, module: Identifier("M"), name: Identifier("A"), type_params: [] }: New([0])} }, 0900000000000000000000000000000000000000000000000000000000000000: AccountChanges { modules: {}, resources: {StructTag { address: 0000000000000000000000000000000000000000000000000000000000000001, module: Identifier("M"), name: Identifier("A"), type_params: [] }: New([0])} }} })

Test failures:

Failures in 0x1::M:

┌── test_doesnt_exist ──────
│ error[E11001]: test failure
│    ┌─ native_signer_creation.move:47:9
│    │
│ 36 │     fun test_doesnt_exist() {
│    │         ----------------- In this function in 0x1::M
│    ·
│ 47 │         abort 0
│    │         ^^^^^^^ Test was not expected to error, but it aborted with code 0 originating in the module 0x1::M rooted here
│ 
│ 
└──────────────────

Test result: FAILED. Total tests: 3; passed: 2; failed: 1
